0 info it worked if it ends with ok
1 verbose cli [ 'C:\\Program Files\\nodejs\\node.exe',
1 verbose cli   'C:\\Program Files\\nodejs\\node_modules\\npm\\bin\\npm-cli.js',
1 verbose cli   'update',
1 verbose cli   'node-dht-sensor',
1 verbose cli   '--save' ]
2 info using npm@4.0.5
3 info using node@v7.4.0
4 silly mapToRegistry name node-dht-sensor
5 silly mapToRegistry using default registry
6 silly mapToRegistry registry https://registry.npmjs.org/
7 silly mapToRegistry data Result {
7 silly mapToRegistry   raw: 'node-dht-sensor',
7 silly mapToRegistry   scope: null,
7 silly mapToRegistry   escapedName: 'node-dht-sensor',
7 silly mapToRegistry   name: 'node-dht-sensor',
7 silly mapToRegistry   rawSpec: '',
7 silly mapToRegistry   spec: 'latest',
7 silly mapToRegistry   type: 'tag' }
8 silly mapToRegistry uri https://registry.npmjs.org/node-dht-sensor
9 verbose request uri https://registry.npmjs.org/node-dht-sensor
10 verbose request no auth needed
11 info attempt registry request try #1 at 10:22:32
12 verbose request id 3471f8afa83640b9
13 verbose etag W/"5828b63b-8ba1"
14 verbose lastModified Sun, 13 Nov 2016 18:51:39 GMT
15 http request GET https://registry.npmjs.org/node-dht-sensor
16 http 304 https://registry.npmjs.org/node-dht-sensor
17 verbose headers { date: 'Fri, 27 Jan 2017 09:22:33 GMT',
17 verbose headers   via: '1.1 varnish',
17 verbose headers   'cache-control': 'max-age=300',
17 verbose headers   etag: 'W/"5828b63b-8ba1"',
17 verbose headers   age: '130',
17 verbose headers   connection: 'keep-alive',
17 verbose headers   'x-served-by': 'cache-hhn1523-HHN',
17 verbose headers   'x-cache': 'HIT',
17 verbose headers   'x-cache-hits': '1',
17 verbose headers   'x-timer': 'S1485508953.041789,VS0,VE0',
17 verbose headers   vary: 'Accept-Encoding' }
18 silly get cb [ 304,
18 silly get   { date: 'Fri, 27 Jan 2017 09:22:33 GMT',
18 silly get     via: '1.1 varnish',
18 silly get     'cache-control': 'max-age=300',
18 silly get     etag: 'W/"5828b63b-8ba1"',
18 silly get     age: '130',
18 silly get     connection: 'keep-alive',
18 silly get     'x-served-by': 'cache-hhn1523-HHN',
18 silly get     'x-cache': 'HIT',
18 silly get     'x-cache-hits': '1',
18 silly get     'x-timer': 'S1485508953.041789,VS0,VE0',
18 silly get     vary: 'Accept-Encoding' } ]
19 verbose etag https://registry.npmjs.org/node-dht-sensor from cache
20 verbose get saving node-dht-sensor to C:\Users\dirlange\AppData\Roaming\npm-cache\registry.npmjs.org\node-dht-sensor\.cache.json
21 verbose correctMkdir C:\Users\dirlange\AppData\Roaming\npm-cache correctMkdir not in flight; initializing
22 info outdated updating [ { dep:
22 info outdated      { package: [Object],
22 info outdated        path: 'C:\\Users\\dirlange\\Source\\Repos\\smarthome-border',
22 info outdated        parent: [Object],
22 info outdated        isMissing: true },
22 info outdated     depname: 'node-dht-sensor',
22 info outdated     current: undefined,
22 info outdated     wanted: '0.0.32',
22 info outdated     latest: '0.0.32',
22 info outdated     req: '^0.0.32',
22 info outdated     what: 'node-dht-sensor@0.0.32' } ]
23 silly loadCurrentTree Starting
24 silly install loadCurrentTree
25 silly install readLocalPackageData
26 silly fetchPackageMetaData node-dht-sensor@0.0.32
27 silly fetchNamedPackageData node-dht-sensor
28 silly mapToRegistry name node-dht-sensor
29 silly mapToRegistry using default registry
30 silly mapToRegistry registry https://registry.npmjs.org/
31 silly mapToRegistry data Result {
31 silly mapToRegistry   raw: 'node-dht-sensor',
31 silly mapToRegistry   scope: null,
31 silly mapToRegistry   escapedName: 'node-dht-sensor',
31 silly mapToRegistry   name: 'node-dht-sensor',
31 silly mapToRegistry   rawSpec: '',
31 silly mapToRegistry   spec: 'latest',
31 silly mapToRegistry   type: 'tag' }
32 silly mapToRegistry uri https://registry.npmjs.org/node-dht-sensor
33 verbose get https://registry.npmjs.org/node-dht-sensor not expired, no request
34 silly install normalizeTree
35 silly loadCurrentTree Finishing
36 silly loadIdealTree Starting
37 silly install loadIdealTree
38 silly cloneCurrentTree Starting
39 silly install cloneCurrentTreeToIdealTree
40 silly cloneCurrentTree Finishing
41 silly loadShrinkwrap Starting
42 silly install loadShrinkwrap
43 silly loadShrinkwrap Finishing
44 silly loadAllDepsIntoIdealTree Starting
45 silly install loadAllDepsIntoIdealTree
46 silly resolveWithNewModule node-dht-sensor@0.0.32 checking installable status
47 silly cache add args [ 'node-dht-sensor@0.0.32', null ]
48 verbose cache add spec node-dht-sensor@0.0.32
49 silly cache add parsed spec Result {
49 silly cache add   raw: 'node-dht-sensor@0.0.32',
49 silly cache add   scope: null,
49 silly cache add   escapedName: 'node-dht-sensor',
49 silly cache add   name: 'node-dht-sensor',
49 silly cache add   rawSpec: '0.0.32',
49 silly cache add   spec: '0.0.32',
49 silly cache add   type: 'version' }
50 silly addNamed node-dht-sensor@0.0.32
51 verbose addNamed "0.0.32" is a plain semver version for node-dht-sensor
52 silly mapToRegistry name node-dht-sensor
53 silly mapToRegistry using default registry
54 silly mapToRegistry registry https://registry.npmjs.org/
55 silly mapToRegistry data Result {
55 silly mapToRegistry   raw: 'node-dht-sensor',
55 silly mapToRegistry   scope: null,
55 silly mapToRegistry   escapedName: 'node-dht-sensor',
55 silly mapToRegistry   name: 'node-dht-sensor',
55 silly mapToRegistry   rawSpec: '',
55 silly mapToRegistry   spec: 'latest',
55 silly mapToRegistry   type: 'tag' }
56 silly mapToRegistry uri https://registry.npmjs.org/node-dht-sensor
57 verbose addNameVersion registry:https://registry.npmjs.org/node-dht-sensor not in flight; fetching
58 verbose get https://registry.npmjs.org/node-dht-sensor not expired, no request
59 silly cache afterAdd node-dht-sensor@0.0.32
60 verbose afterAdd C:\Users\dirlange\AppData\Roaming\npm-cache\node-dht-sensor\0.0.32\package\package.json not in flight; writing
61 verbose correctMkdir C:\Users\dirlange\AppData\Roaming\npm-cache correctMkdir not in flight; initializing
62 verbose afterAdd C:\Users\dirlange\AppData\Roaming\npm-cache\node-dht-sensor\0.0.32\package\package.json written
63 silly loadAllDepsIntoIdealTree Finishing
64 silly loadIdealTree Finishing
65 silly currentTree dht11@1.0.0
65 silly currentTree +-- debug@2.6.0
65 silly currentTree +-- is-typedarray@1.0.0
65 silly currentTree +-- ms@0.7.2
65 silly currentTree +-- nan@2.5.1
65 silly currentTree +-- typedarray-to-buffer@3.1.2
65 silly currentTree +-- websocket@1.0.24
65 silly currentTree `-- yaeti@0.0.6
66 silly idealTree dht11@1.0.0
66 silly idealTree +-- debug@2.6.0
66 silly idealTree +-- is-typedarray@1.0.0
66 silly idealTree +-- ms@0.7.2
66 silly idealTree +-- nan@2.5.1
66 silly idealTree +-- node-dht-sensor@0.0.32
66 silly idealTree +-- typedarray-to-buffer@3.1.2
66 silly idealTree +-- websocket@1.0.24
66 silly idealTree `-- yaeti@0.0.6
67 silly generateActionsToTake Starting
68 silly install generateActionsToTake
69 silly generateActionsToTake Finishing
70 silly diffTrees action count 1
71 silly diffTrees add node-dht-sensor@0.0.32
72 silly decomposeActions action count 8
73 silly decomposeActions fetch node-dht-sensor@0.0.32
74 silly decomposeActions extract node-dht-sensor@0.0.32
75 silly decomposeActions test node-dht-sensor@0.0.32
76 silly decomposeActions preinstall node-dht-sensor@0.0.32
77 silly decomposeActions build node-dht-sensor@0.0.32
78 silly decomposeActions install node-dht-sensor@0.0.32
79 silly decomposeActions postinstall node-dht-sensor@0.0.32
80 silly decomposeActions finalize node-dht-sensor@0.0.32
81 silly runTopLevelLifecycles Starting
82 silly executeActions Starting
83 silly install executeActions
84 silly doSerial global-install 0
85 silly doParallel fetch 1
86 verbose correctMkdir C:\Users\dirlange\AppData\Roaming\npm-cache\_locks correctMkdir not in flight; initializing
87 verbose lock using C:\Users\dirlange\AppData\Roaming\npm-cache\_locks\staging-d5085d048fe53d2b.lock for C:\Users\dirlange\Source\Repos\smarthome-border\node_modules\.staging
88 silly doParallel extract 1
89 silly extract node-dht-sensor@0.0.32
90 verbose unbuild node_modules\.staging\node-dht-sensor-a83ed89c
91 silly gentlyRm C:\Users\dirlange\Source\Repos\smarthome-border\node_modules\.staging\node-dht-sensor-a83ed89c is being purged from base C:\Users\dirlange\Source\Repos\smarthome-border
92 verbose gentlyRm don't care about contents; nuking C:\Users\dirlange\Source\Repos\smarthome-border\node_modules\.staging\node-dht-sensor-a83ed89c
93 verbose tar unpack C:\Users\dirlange\AppData\Roaming\npm-cache\node-dht-sensor\0.0.32\package.tgz
94 verbose tar unpacking to C:\Users\dirlange\Source\Repos\smarthome-border\node_modules\.staging\node-dht-sensor-a83ed89c
95 silly gentlyRm C:\Users\dirlange\Source\Repos\smarthome-border\node_modules\.staging\node-dht-sensor-a83ed89c is being purged
96 verbose gentlyRm don't care about contents; nuking C:\Users\dirlange\Source\Repos\smarthome-border\node_modules\.staging\node-dht-sensor-a83ed89c
97 silly gunzTarPerm modes [ '777', '666' ]
98 silly gunzTarPerm extractEntry package.json
99 silly gunzTarPerm modified mode [ 'package.json', 448, 502 ]
100 silly gunzTarPerm extractEntry .npmignore
101 silly gunzTarPerm modified mode [ '.npmignore', 420, 438 ]
102 silly gunzTarPerm extractEntry README.md
103 silly gunzTarPerm modified mode [ 'README.md', 493, 511 ]
104 silly gunzTarPerm extractEntry LICENSE
105 silly gunzTarPerm modified mode [ 'LICENSE', 420, 438 ]
106 silly gunzTarPerm extractEntry check-lib.sh
107 silly gunzTarPerm modified mode [ 'check-lib.sh', 493, 511 ]
108 silly gunzTarPerm extractEntry dht-sensor.cpp
109 silly gunzTarPerm modified mode [ 'dht-sensor.cpp', 448, 502 ]
110 silly gunzTarPerm extractEntry dht-sensor.h
111 silly gunzTarPerm modified mode [ 'dht-sensor.h', 493, 511 ]
112 silly gunzTarPerm extractEntry node-dht-sensor.cpp
113 silly gunzTarPerm modified mode [ 'node-dht-sensor.cpp', 493, 511 ]
114 silly gunzTarPerm extractEntry binding.gyp
115 silly gunzTarPerm modified mode [ 'binding.gyp', 493, 511 ]
116 silly gunzTarPerm extractEntry test/async-explicit.js
117 silly gunzTarPerm modified mode [ 'test/async-explicit.js', 493, 511 ]
118 silly gunzTarPerm extractEntry test/duty.js
119 silly gunzTarPerm modified mode [ 'test/duty.js', 493, 511 ]
120 silly gunzTarPerm extractEntry test/sync-explicit.js
121 silly gunzTarPerm modified mode [ 'test/sync-explicit.js', 493, 511 ]
122 silly gunzTarPerm extractEntry test/sync-implicit.js
123 silly gunzTarPerm modified mode [ 'test/sync-implicit.js', 493, 511 ]
124 silly gentlyRm C:\Users\dirlange\Source\Repos\smarthome-border\node_modules\.staging\node-dht-sensor-a83ed89c\node_modules is being purged
125 verbose gentlyRm don't care about contents; nuking C:\Users\dirlange\Source\Repos\smarthome-border\node_modules\.staging\node-dht-sensor-a83ed89c\node_modules
126 silly doParallel preinstall 1
127 silly preinstall node-dht-sensor@0.0.32
128 info lifecycle node-dht-sensor@0.0.32~preinstall: node-dht-sensor@0.0.32
129 warn lifecycle npm is using C:\Program Files\nodejs\node.exe but there is no node binary in the current PATH. Use the `--scripts-prepend-node-path` option to include the path for the node binary npm was executed with.
130 verbose lifecycle node-dht-sensor@0.0.32~preinstall: unsafe-perm in lifecycle true
131 verbose lifecycle node-dht-sensor@0.0.32~preinstall: PATH: C:\Program Files\nodejs\node_modules\npm\bin\node-gyp-bin;C:\Users\dirlange\Source\Repos\smarthome-border\node_modules\.staging\node-dht-sensor-a83ed89c\node_modules\.bin;C:\Users\dirlange\Source\Repos\smarthome-border\node_modules\.bin;C:\USERS\DIRLANGE\APPDATA\LOCAL\MICROSOFT\VISUALSTUDIO\14.0\EXTENSIONS\XK0SOB5U.1GT\NativeBinaries\x86;C:\Program Files (x86)\Microsoft Visual Studio 14.0\Common7\IDE\CommonExtensions\Microsoft\TeamFoundation\Team Explorer\NativeBinaries\x86;D:\app\DIRLANGE\product\11.2.0\client_1\bin;D:\app\DIRLANGE\OraHome_1\bin;D:\app\DIRLANGE\product\11.2.0\client_2\bin;C:\Program Files\Teradata\Client\15.00\AXSMOD\;C:\Program Files (x86)\Teradata\Client\15.00\AXSMOD\;C:\Program Files\Teradata\Client\15.00\ODBC Driver for Teradata nt-x8664\Lib\;C:\Program Files (x86)\Teradata\Client\15.00\ODBC Driver for Teradata\Lib\;C:\Program Files\Teradata\Client\15.00\bin\;C:\Program Files (x86)\Teradata\Client\15.00\bin\;C:\Program Files (x86)\ELO Java Client\bin;C:\ProgramData\Oracle\Java\javapath;C:\Windows\system32;C:\Windows;C:\Windows\System32\Wbem;C:\Windows\System32\WindowsPowerShell\v1.0\;C:\Program Files (x86)\Microsoft SQL Server\Client SDK\ODBC\130\Tools\Binn\;C:\Program Files (x86)\Microsoft SQL Server\130\Tools\Binn\;C:\Program Files (x86)\Microsoft SQL Server\130\DTS\Binn\;C:\Program Files (x86)\Microsoft SQL Server\130\Tools\Binn\ManagementStudio\;C:\Users\dirlange\.dnx\bin;C:\Program Files\Microsoft DNX\Dnvm\;C:\Program Files\Microsoft SQL Server\120\Tools\Binn\;C:\Program Files\Microsoft SQL Server\130\Tools\Binn\;C:\Program Files (x86)\PuTTY\;C:\Program Files (x86)\Microsoft SQL Server\110\DTS\Binn\;C:\Program Files (x86)\Microsoft SQL Server\120\DTS\Binn\;C:\Program Files (x86)\Mitov\Visuino;C:\Program Files (x86)\Enterprise Vault\EVClient\;C:\Program Files\Git\cmd;C:\Users\dirlange\AppData\Local\Microsoft\WindowsApps;C:\Users\dirlange\AppData\Local\atom\bin
132 verbose lifecycle node-dht-sensor@0.0.32~preinstall: CWD: C:\Users\dirlange\Source\Repos\smarthome-border\node_modules\.staging\node-dht-sensor-a83ed89c
133 silly lifecycle node-dht-sensor@0.0.32~preinstall: Args: [ '/d /s /c', './check-lib.sh' ]
134 silly lifecycle node-dht-sensor@0.0.32~preinstall: Returned: code: 1  signal: null
135 info lifecycle node-dht-sensor@0.0.32~preinstall: Failed to exec preinstall script
136 verbose unlock done using C:\Users\dirlange\AppData\Roaming\npm-cache\_locks\staging-d5085d048fe53d2b.lock for C:\Users\dirlange\Source\Repos\smarthome-border\node_modules\.staging
137 silly rollbackFailedOptional Starting
138 silly rollbackFailedOptional Finishing
139 silly runTopLevelLifecycles Finishing
140 silly install printInstalled
141 warn dht11@1.0.0 No repository field.
142 verbose If you need help, you may report this error at:
142 verbose     <https://github.com/npm/npm/issues>
143 verbose stack Error: node-dht-sensor@0.0.32 preinstall: `./check-lib.sh`
143 verbose stack Exit status 1
143 verbose stack     at EventEmitter.<anonymous> (C:\Program Files\nodejs\node_modules\npm\lib\utils\lifecycle.js:279:16)
143 verbose stack     at emitTwo (events.js:106:13)
143 verbose stack     at EventEmitter.emit (events.js:191:7)
143 verbose stack     at ChildProcess.<anonymous> (C:\Program Files\nodejs\node_modules\npm\lib\utils\spawn.js:40:14)
143 verbose stack     at emitTwo (events.js:106:13)
143 verbose stack     at ChildProcess.emit (events.js:191:7)
143 verbose stack     at maybeClose (internal/child_process.js:885:16)
143 verbose stack     at Process.ChildProcess._handle.onexit (internal/child_process.js:226:5)
144 verbose pkgid node-dht-sensor@0.0.32
145 verbose cwd C:\Users\dirlange\Source\Repos\smarthome-border
146 error Windows_NT 10.0.14393
147 error argv "C:\\Program Files\\nodejs\\node.exe" "C:\\Program Files\\nodejs\\node_modules\\npm\\bin\\npm-cli.js" "update" "node-dht-sensor" "--save"
148 error node v7.4.0
149 error npm  v4.0.5
150 error code ELIFECYCLE
151 error node-dht-sensor@0.0.32 preinstall: `./check-lib.sh`
151 error Exit status 1
152 error Failed at the node-dht-sensor@0.0.32 preinstall script './check-lib.sh'.
152 error Make sure you have the latest version of node.js and npm installed.
152 error If you do, this is most likely a problem with the node-dht-sensor package,
152 error not with npm itself.
152 error Tell the author that this fails on your system:
152 error     ./check-lib.sh
152 error You can get information on how to open an issue for this project with:
152 error     npm bugs node-dht-sensor
152 error Or if that isn't available, you can get their info via:
152 error     npm owner ls node-dht-sensor
152 error There is likely additional logging output above.
153 verbose exit [ 1, true ]
